============================================================
Deployment   : NREL_
Current time : 6/7/2012 8:28:20 AM
Start at     : 6/11/2012 12:00:00 PM
Comment:
NREL Vector with INS on APL-UW Tidal Turbulence Mooring in Admiralty, times PDT.
------------------------------------------------------------
Sampling rate        (Hz) : 32
Nominal vel. range  (m/s) : 4.00
Burst interval        (s) : CONTINUOUS
Samples per burst         : N/A
Sampling volume      (mm) : 14.9
Transmit length      (mm) : 4.0
Measurement load      (%) : 36
Power level               : HIGH
Output sync               : VECTOR
Start on sync             : DISABLED
Sample on sync            : DISABLED
INS Sensor                : ENABLED
INS Data type             : AHRSCC
Compass upd. rate     (s) : 1
Coordinate System         : XYZ
Speed of sound      (m/s) : MEASURED
Salinity            (ppt) : 30
Analog output             : DISABLED
Analog output range       : N/A
Analog input 1            : NONE
Analog input 2            : NONE
Analog input power out    : DISABLED
File wrapping             : OFF
TellTale                  : OFF
Acoustic modem            : OFF
Serial output             : OFF
------------------------------------------------------------
Assumed duration   (days) : 2.5
Battery utilization   (%) : 47.0
Battery level         (V) : 11.3
Recorder size        (MB) : 3926
Recorder free space  (MB) : 3925.972
Memory required      (MB) : 730.9
Vertical vel. range (m/s) : 1.5
Horizon. vel. range (m/s) : 5.3
------------------------------------------------------------
Instrument ID             : VEC 9625
Head ID                   : VEC 4836
Firmware version          : 9d36
ProLog ID                 : 187
ProLog firmware version   : 4.12
------------------------------------------------------------
SD Card Inserted          : YES
SD Card Ready             : YES
SD Card Write protected   : NO
SD Card Type              : SDHC
SD Card Supported         : YES
------------------------------------------------------------
Vector Version 1.36 Beta6
Copyright (C) Nortek AS
============================================================



============================================================
Deployment   : BT314A
Current time : 3/14/2014 2:18:38 PM
Start at     : 3/14/2014 2:18:10 PM
Comment:
Bench Test in NWTC storage shed 3/14/2014.
------------------------------------------------------------
Sampling rate        (Hz) : 32
Nominal vel. range  (m/s) : 4.00
Burst interval        (s) : CONTINUOUS
Samples per burst         : N/A
Sampling volume      (mm) : 14.9
Transmit length      (mm) : 4.0
Measurement load      (%) : 36
Power level               : HIGH
Output sync               : VECTOR
Start on sync             : DISABLED
Sample on sync            : DISABLED
INS Sensor                : ENABLED
INS Data type             : AHRSCC
Compass upd. rate     (s) : 1
Coordinate System         : XYZ
Speed of sound      (m/s) : MEASURED
Salinity            (ppt) : 30
Analog output             : DISABLED
Analog output range       : N/A
Analog input 1            : NONE
Analog input 2            : NONE
Analog input power out    : DISABLED
File wrapping             : OFF
TellTale                  : OFF
Acoustic modem            : OFF
Serial output             : OFF
Baud rate                 : 57600
------------------------------------------------------------
Assumed duration   (days) : 2.5
Battery utilization   (%) : 47.0
Battery level         (V) : 14.8
Recorder size        (MB) : 3926
Recorder free space  (MB) : 3647.823
Memory required      (MB) : 730.9
Vertical vel. range (m/s) : 1.5
Horizon. vel. range (m/s) : 5.3
------------------------------------------------------------
Instrument ID             : VEC 9625
Head ID                   : VEC 4836
Firmware version          : 9d36
ProLog ID                 : 187
ProLog firmware version   : 4.12
------------------------------------------------------------
SD Card Inserted          : YES
SD Card Ready             : YES
SD Card Write protected   : NO
SD Card Type              : SDHC
SD Card Supported         : YES
------------------------------------------------------------
Vector Version 1.37.02
Copyright (C) Nortek AS
============================================================



============================================================
Deployment   : BT314B
Current time : 3/14/2014 2:32:52 PM
Start at     : 3/14/2014 2:32:32 PM
Comment:
Bench Test in NWTC storage shed 3/14/2014.
------------------------------------------------------------
Sampling rate        (Hz) : 32
Nominal vel. range  (m/s) : 4.00
Burst interval        (s) : CONTINUOUS
Samples per burst         : N/A
Sampling volume      (mm) : 14.9
Transmit length      (mm) : 4.0
Measurement load      (%) : 36
Power level               : HIGH
Output sync               : VECTOR
Start on sync             : DISABLED
Sample on sync            : DISABLED
INS Sensor                : ENABLED
INS Data type             : AHRSCC
Compass upd. rate     (s) : 1
Coordinate System         : XYZ
Speed of sound      (m/s) : MEASURED
Salinity            (ppt) : 30
Analog output             : DISABLED
Analog output range       : N/A
Analog input 1            : NONE
Analog input 2            : NONE
Analog input power out    : DISABLED
File wrapping             : OFF
TellTale                  : OFF
Acoustic modem            : OFF
Serial output             : OFF
Baud rate                 : 57600
------------------------------------------------------------
Assumed duration   (days) : 2.5
Battery utilization   (%) : 47.0
Battery level         (V) : 14.9
Recorder size        (MB) : 15478
Recorder free space  (MB) : 15477.972
Memory required      (MB) : 730.9
Vertical vel. range (m/s) : 1.5
Horizon. vel. range (m/s) : 5.3
------------------------------------------------------------
Instrument ID             : VEC11076
Head ID                   : VEC 5024
Firmware version          : 3.38
ProLog ID                 : 545
ProLog firmware version   : 4.18
------------------------------------------------------------
SD Card Inserted          : YES
SD Card Ready             : YES
SD Card Write protected   : NO
SD Card Type              : SDHC
SD Card Supported         : YES
------------------------------------------------------------
Vector Version 1.37.02
Copyright (C) Nortek AS
============================================================



============================================================
Deployment   : BT314C
Current time : 3/14/2014 2:40:33 PM
Start at     : 3/14/2014 2:40:13 PM
Comment:
Bench Test in NWTC storage shed 3/14/2014.
------------------------------------------------------------
Sampling rate        (Hz) : 32
Nominal vel. range  (m/s) : 4.00
Burst interval        (s) : CONTINUOUS
Samples per burst         : N/A
Sampling volume      (mm) : 14.9
Transmit length      (mm) : 4.0
Measurement load      (%) : 36
Power level               : HIGH
Output sync               : VECTOR
Start on sync             : DISABLED
Sample on sync            : DISABLED
INS Sensor                : ENABLED
INS Data type             : AHRSCC
Compass upd. rate     (s) : 1
Coordinate System         : XYZ
Speed of sound      (m/s) : MEASURED
Salinity            (ppt) : 30
Analog output             : DISABLED
Analog output range       : N/A
Analog input 1            : NONE
Analog input 2            : NONE
Analog input power out    : DISABLED
File wrapping             : OFF
TellTale                  : OFF
Acoustic modem            : OFF
Serial output             : OFF
Baud rate                 : 57600
------------------------------------------------------------
Assumed duration   (days) : 2.5
Battery utilization   (%) : 47.0
Battery level         (V) : 14.8
Recorder size        (MB) : 15478
Recorder free space  (MB) : 15477.972
Memory required      (MB) : 730.9
Vertical vel. range (m/s) : 1.5
Horizon. vel. range (m/s) : 5.3
------------------------------------------------------------
Instrument ID             : VEC11087
Head ID                   : VEC 5026
Firmware version          : 3.38
ProLog ID                 : 670
ProLog firmware version   : 4.18
------------------------------------------------------------
SD Card Inserted          : YES
SD Card Ready             : YES
SD Card Write protected   : NO
SD Card Type              : SDHC
SD Card Supported         : YES
------------------------------------------------------------
Vector Version 1.37.02
Copyright (C) Nortek AS
============================================================
